#
# A fatal error has been detected by the Java Runtime Environment:
#
#  EXCEPTION_ACCESS_VIOLATION (0xc0000005) at pc=0x0000000061dadda0, pid=2868, tid=7152
#
# JRE version: Java(TM) SE Runtime Environment (8.0_51-b16) (build 1.8.0_51-b16)
# Java VM: Java HotSpot(TM) 64-Bit Server VM (25.51-b03 mixed mode windows-amd64 compressed oops)
# Problematic frame:
# V  [jvm.dll+0xadda0]
#
# Failed to write core dump. Minidumps are not enabled by default on client versions of Windows
#
# If you would like to submit a bug report, please visit:
#   http://bugreport.java.com/bugreport/crash.jsp
#

---------------  T H R E A D  ---------------

Current thread (0x0000000002b38800):  GCTaskThread [stack: 0x0000000012790000,0x0000000012890000] [id=7152]

siginfo: ExceptionCode=0xc0000005, reading address 0x0000000000000028

Registers:
RAX=0x0000000000000000, RBX=0x00000000d6c4744c, RCX=0x00000000d6c4744c, RDX=0x0000000000000020
RSP=0x000000001288f588, RBP=0x000000001288f6a0, RSI=0x00000000177551c0, RDI=0x0000000000000015
R8 =0x00000000d5e00000, R9 =0x00000000d65af530, R10=0x000000000000000c, R11=0x000000000000000c
R12=0x0000000018b93420, R13=0x200022ee00000000, R14=0x0000000002b38c00, R15=0x0000000002b38c40
RIP=0x0000000061dadda0, EFLAGS=0x0000000000010202

Top of Stack: (sp=0x000000001288f588)
0x000000001288f588:   00000000620f8182 00000000d6c44bc8
0x000000001288f598:   00000000177551c0 00000000177551c0
0x000000001288f5a8:   0000000062346210 00000000d7e80638
0x000000001288f5b8:   00000000620f8401 00000000d5fcd590
0x000000001288f5c8:   00000000177551c0 0000000002b38c30
0x000000001288f5d8:   0000000002b32d20 0000000018b93420
0x000000001288f5e8:   00000000620fae96 0000000019f3c4f8
0x000000001288f5f8:   000000001288f6a0 0000000019f3c450
0x000000001288f608:   0000000000000015 0000000019f3c4f8
0x000000001288f618:   0000000061f12312 00000000177e9358
0x000000001288f628:   0000000000000000 000000001288f6d0
0x000000001288f638:   00000000177e9350 000000001288f6a0
0x000000001288f648:   0000000061d61dd3 0000000017665740
0x000000001288f658:   000000001288f6d0 00000000177e9350
0x000000001288f668:   0000000000000000 0000000062346210
0x000000001288f678:   00000000620fb253 0000000017665740 

Instructions: (pc=0x0000000061dadda0)
0x0000000061dadd80:   7c 94 1d 00 48 8b 9c 24 d0 00 00 00 48 81 c4 c0
0x0000000061dadd90:   00 00 00 5d c3 cc cc cc cc cc cc cc cc cc cc cc
0x0000000061dadda0:   44 8b 42 08 4c 8b ca 45 85 c0 7e 0e 41 f6 c0 01
0x0000000061daddb0:   75 57 41 c1 f8 03 41 8b c0 c3 79 4d 80 3d 1e bf 


Register to memory mapping:

RAX=0x0000000000000000 is an unknown value
RBX=0x00000000d6c4744c is an unknown value
RCX=0x00000000d6c4744c is an unknown value
RDX=0x0000000000000020 is an unknown value
RSP=0x000000001288f588 is an unknown value
RBP=0x000000001288f6a0 is an unknown value
RSI=0x00000000177551c0 is an unknown value
RDI=0x0000000000000015 is an unknown value
R8 =0x00000000d5e00000 is an oop
[I 
 - klass: {type array int}
 - length: 0
R9 =0x00000000d65af530 is an oop
java.lang.String 
 - klass: 'java/lang/String'
R10=0x000000000000000c is an unknown value
R11=0x000000000000000c is an unknown value
R12=0x0000000018b93420 is an unknown value
R13=0x200022ee00000000 is an unknown value
R14=0x0000000002b38c00 is an unknown value
R15=0x0000000002b38c40 is an unknown value


Stack: [0x0000000012790000,0x0000000012890000],  sp=0x000000001288f588,  free space=1021k
Native frames: (J=compiled Java code, j=interpreted, Vv=VM code, C=native code)
V  [jvm.dll+0xadda0]


---------------  P R O C E S S  ---------------

Java Threads: ( => current thread )
  0x0000000018b82000 JavaThread "Service Thread" daemon [_thread_blocked, id=2272, stack(0x00000000193f0000,0x00000000194f0000)]
  0x0000000018b07800 JavaThread "C1 CompilerThread2" daemon [_thread_blocked, id=4692, stack(0x00000000192f0000,0x00000000193f0000)]
  0x00000000177ed000 JavaThread "C2 CompilerThread1" daemon [_thread_blocked, id=5664, stack(0x00000000191f0000,0x00000000192f0000)]
  0x00000000177ea000 JavaThread "C2 CompilerThread0" daemon [_thread_blocked, id=2072, stack(0x00000000190f0000,0x00000000191f0000)]
  0x000000001779e000 JavaThread "Attach Listener" daemon [_thread_blocked, id=6880, stack(0x0000000018ff0000,0x00000000190f0000)]
  0x0000000018af8800 JavaThread "Signal Dispatcher" daemon [_thread_blocked, id=5180, stack(0x0000000018ef0000,0x0000000018ff0000)]
  0x0000000002c16800 JavaThread "Finalizer" daemon [_thread_blocked, id=8168, stack(0x00000000189f0000,0x0000000018af0000)]
  0x0000000002c0e800 JavaThread "Reference Handler" daemon [_thread_blocked, id=4348, stack(0x00000000188f0000,0x00000000189f0000)]
  0x0000000002b22800 JavaThread "main" [_thread_blocked, id=4072, stack(0x0000000002a20000,0x0000000002b20000)]

Other Threads:
  0x0000000017757000 VMThread [stack: 0x00000000187f0000,0x00000000188f0000] [id=7984]
  0x0000000018b8d800 WatcherThread [stack: 0x00000000194f0000,0x00000000195f0000] [id=1404]

=>0x0000000002b38800 (exited) GCTaskThread [stack: 0x0000000012790000,0x0000000012890000] [id=7152]

VM state:at safepoint (normal execution)

VM Mutex/Monitor currently owned by a thread:  ([mutex/lock_event])
[0x0000000000e9c6a0] Threads_lock - owner thread: 0x0000000017757000
[0x0000000000e9cb20] Heap_lock - owner thread: 0x0000000002b22800

Heap:
 PSYoungGen      total 38400K, used 33280K [0x00000000d5e00000, 0x00000000d8880000, 0x0000000100000000)
  eden space 33280K, 100% used [0x00000000d5e00000,0x00000000d7e80000,0x00000000d7e80000)
  from space 5120K, 0% used [0x00000000d8380000,0x00000000d8380000,0x00000000d8880000)
  to   space 5120K, 57% used [0x00000000d7e80000,0x00000000d8164060,0x00000000d8380000)
 ParOldGen       total 87552K, used 16K [0x0000000081a00000, 0x0000000086f80000, 0x00000000d5e00000)
  object space 87552K, 0% used [0x0000000081a00000,0x0000000081a04000,0x0000000086f80000)
 Metaspace       used 10145K, capacity 10856K, committed 11136K, reserved 1058816K
  class space    used 2022K, capacity 2064K, committed 2176K, reserved 1048576K

Card table byte_map: [0x0000000011fe0000,0x00000000123e0000] byte_map_base: 0x0000000011bd3000

Marking Bits: (ParMarkBitMap*) 0x0000000062504040
 Begin Bits: [0x0000000012a90000, 0x0000000014a28000)
 End Bits:   [0x0000000014a28000, 0x00000000169c0000)

Polling page: 0x0000000000e80000

CodeCache: size=245760Kb used=2043Kb max_used=2043Kb free=243716Kb
 bounds [0x0000000002c20000, 0x0000000002e90000, 0x0000000011c20000]
 total_blobs=938 nmethods=629 adapters=222
 compilation: enabled

Compilation events (10 events):
Event: 0.768 Thread 0x0000000018b07800  625       1       clojure.lang.PersistentVector::count (5 bytes)
Event: 0.768 Thread 0x0000000018b07800 nmethod 625 0x0000000002e1dbd0 code [0x0000000002e1dd20, 0x0000000002e1de30]
Event: 0.779 Thread 0x0000000018b07800  626       1       clojure.lang.ATransientMap::persistent (9 bytes)
Event: 0.779 Thread 0x0000000018b07800 nmethod 626 0x0000000002e1de90 code [0x0000000002e1e000, 0x0000000002e1e178]
Event: 0.779 Thread 0x0000000018b07800  628       1       clojure.lang.PersistentHashMap$TransientHashMap::doPersistent (32 bytes)
Event: 0.779 Thread 0x0000000018b07800 nmethod 628 0x0000000002e1e210 code [0x0000000002e1e360, 0x0000000002e1e550]
Event: 0.779 Thread 0x0000000018b07800  627       1       java.lang.Character::charValue (5 bytes)
Event: 0.779 Thread 0x0000000018b07800 nmethod 627 0x0000000002e1e610 code [0x0000000002e1e760, 0x0000000002e1e870]
Event: 0.785 Thread 0x0000000018b07800  629       1       java.util.regex.Pattern::append (39 bytes)
Event: 0.785 Thread 0x0000000018b07800 nmethod 629 0x0000000002e1e8d0 code [0x0000000002e1ea40, 0x0000000002e1ece8]

GC Heap History (1 events):
Event: 0.790 GC heap before
{Heap before GC invocations=1 (full 0):
 PSYoungGen      total 38400K, used 33280K [0x00000000d5e00000, 0x00000000d8880000, 0x0000000100000000)
  eden space 33280K, 100% used [0x00000000d5e00000,0x00000000d7e80000,0x00000000d7e80000)
  from space 5120K, 0% used [0x00000000d8380000,0x00000000d8380000,0x00000000d8880000)
  to   space 5120K, 0% used [0x00000000d7e80000,0x00000000d7e80000,0x00000000d8380000)
 ParOldGen       total 87552K, used 0K [0x0000000081a00000, 0x0000000086f80000, 0x00000000d5e00000)
  object space 87552K, 0% used [0x0000000081a00000,0x0000000081a00000,0x0000000086f80000)
 Metaspace       used 10145K, capacity 10856K, committed 11136K, reserved 1058816K
  class space    used 2022K, capacity 2064K, committed 2176K, reserved 1048576K

Deoptimization events (0 events):
No events

Internal exceptions (8 events):
Event: 0.034 Thread 0x0000000002b22800 Exception <a 'java/lang/NoSuchMethodError': Method sun.misc.Unsafe.defineClass(Ljava/lang/String;[BII)Ljava/lang/Class; name or signature does not match> (0x00000000d5e131b8) thrown at [C:\re\workspace\8-2-build-windows-amd64-cygwin\jdk8u51\3951\hotspot\srdjý³àN¡?
Event: 0.034 Thread 0x0000000002b22800 Exception <a 'java/lang/NoSuchMethodError': Method sun.misc.Unsafe.prefetchRead(Ljava/lang/Object;J)V name or signature does not match> (0x00000000d5e13448) thrown at [C:\re\workspace\8-2-build-windows-amd64-cygwin\jdk8u51\3951\hotspot\src\share\vm\prims\j”]¦KŒÇ?
Event: 0.184 Thread 0x0000000002b22800 Exception <a 'java/security/PrivilegedActionException'> (0x00000000d6393730) thrown at [C:\re\workspace\8-2-build-windows-amd64-cygwin\jdk8u51\3951\hotspot\src\share\vm\prims\jvm.cpp, line 1382]
Event: 0.184 Thread 0x0000000002b22800 Exception <a 'java/security/PrivilegedActionException'> (0x00000000d63938e8) thrown at [C:\re\workspace\8-2-build-windows-amd64-cygwin\jdk8u51\3951\hotspot\src\share\vm\prims\jvm.cpp, line 1382]
Event: 0.184 Thread 0x0000000002b22800 Exception <a 'java/security/PrivilegedActionException'> (0x00000000d6397680) thrown at [C:\re\workspace\8-2-build-windows-amd64-cygwin\jdk8u51\3951\hotspot\src\share\vm\prims\jvm.cpp, line 1382]
Event: 0.184 Thread 0x0000000002b22800 Exception <a 'java/security/PrivilegedActionException'> (0x00000000d6397838) thrown at [C:\re\workspace\8-2-build-windows-amd64-cygwin\jdk8u51\3951\hotspot\src\share\vm\prims\jvm.cpp, line 1382]
Event: 0.185 Thread 0x0000000002b22800 Exception <a 'java/security/PrivilegedActionException'> (0x00000000d6398758) thrown at [C:\re\workspace\8-2-build-windows-amd64-cygwin\jdk8u51\3951\hotspot\src\share\vm\prims\jvm.cpp, line 1382]
Event: 0.185 Thread 0x0000000002b22800 Exception <a 'java/security/PrivilegedActionException'> (0x00000000d6398910) thrown at [C:\re\workspace\8-2-build-windows-amd64-cygwin\jdk8u51\3951\hotspot\src\share\vm\prims\jvm.cpp, line 1382]

Events (10 events):
Event: 0.778 loading class leiningen/core/user$profile_auth done
Event: 0.779 loading class leiningen/core/project__init
Event: 0.779 loading class leiningen/core/project__init done
Event: 0.785 loading class java/util/regex/Pattern$SliceI
Event: 0.785 loading class java/util/regex/Pattern$SliceI done
Event: 0.785 loading class java/util/regex/Pattern$Dollar
Event: 0.785 loading class java/util/regex/Pattern$Dollar done
Event: 0.787 loading class leiningen/core/project$loading__5340__auto____6525
Event: 0.787 loading class leiningen/core/project$loading__5340__auto____6525 done
Event: 0.790 Executing VM operation: ParallelGCFailedAllocation


Dynamic libraries:
0x000007f79e0f0000 - 0x000007f79e127000 	c:\Program Files\Java\jdk1.8.0_51\bin\java.exe
0x000007fee6c00000 - 0x000007fee6dbd000 	C:\Windows\SYSTEM32\ntdll.dll
0x000007fee5e00000 - 0x000007fee5f37000 	C:\Windows\system32\KERNEL32.DLL
0x000007fee3b40000 - 0x000007fee3c34000 	C:\Windows\system32\KERNELBASE.dll
0x000007fee68b0000 - 0x000007fee698e000 	C:\Windows\system32\ADVAPI32.dll
0x000007fee5f40000 - 0x000007fee608c000 	C:\Windows\system32\USER32.dll
0x000007fee1820000 - 0x000007fee1a8a000 	C:\Windows\WinSxS\amd64_microsoft.windows.common-controls_6595b64144ccf1df_6.0.9200.17359_none_4188b989718cf1c6\COMCTL32.dll
0x000007fee5b50000 - 0x000007fee5bf5000 	C:\Windows\system32\msvcrt.dll
0x000007fee5db0000 - 0x000007fee5df8000 	C:\Windows\SYSTEM32\sechost.dll
0x000007fee64a0000 - 0x000007fee65e5000 	C:\Windows\system32\RPCRT4.dll
0x000007fee66c0000 - 0x000007fee6801000 	C:\Windows\system32\GDI32.dll
0x000007fee5af0000 - 0x000007fee5b29000 	C:\Windows\system32\IMM32.DLL
0x000007fee4260000 - 0x000007fee4375000 	C:\Windows\system32\MSCTF.dll
0x0000000062590000 - 0x0000000062662000 	c:\Program Files\Java\jdk1.8.0_51\jre\bin\msvcr100.dll
0x0000000061d00000 - 0x0000000062583000 	c:\Program Files\Java\jdk1.8.0_51\jre\bin\server\jvm.dll
0x000007fee2020000 - 0x000007fee2029000 	C:\Windows\SYSTEM32\WSOCK32.dll
0x000007fee1070000 - 0x000007fee1090000 	C:\Windows\SYSTEM32\WINMM.dll
0x000007fee0790000 - 0x000007fee0799000 	C:\Windows\SYSTEM32\VERSION.dll
0x000007fee5c00000 - 0x000007fee5c07000 	C:\Windows\system32\PSAPI.DLL
0x000007fee69a0000 - 0x000007fee69f8000 	C:\Windows\system32\WS2_32.dll
0x000007fee0340000 - 0x000007fee0373000 	C:\Windows\SYSTEM32\WINMMBASE.dll
0x000007fee6a70000 - 0x000007fee6a79000 	C:\Windows\system32\NSI.dll
0x000007fee3c40000 - 0x000007fee3c8f000 	C:\Windows\SYSTEM32\cfgmgr32.dll
0x000007fee3cb0000 - 0x000007fee3cd2000 	C:\Windows\system32\DEVOBJ.dll
0x0000000061cf0000 - 0x0000000061cff000 	c:\Program Files\Java\jdk1.8.0_51\jre\bin\verify.dll
0x0000000061cc0000 - 0x0000000061ce9000 	c:\Program Files\Java\jdk1.8.0_51\jre\bin\java.dll
0x0000000061ca0000 - 0x0000000061cb6000 	c:\Program Files\Java\jdk1.8.0_51\jre\bin\zip.dll
0x000007fee4700000 - 0x000007fee59e5000 	C:\Windows\system32\SHELL32.dll
0x000007fee4550000 - 0x000007fee4700000 	C:\Windows\SYSTEM32\combase.dll
0x000007fee5aa0000 - 0x000007fee5af0000 	C:\Windows\system32\SHLWAPI.dll
0x000007fee2bb0000 - 0x000007fee2c46000 	C:\Windows\SYSTEM32\SHCORE.dll
0x000007fee3b20000 - 0x000007fee3b35000 	C:\Windows\system32\profapi.dll
0x000007fed8c20000 - 0x000007fed8d83000 	C:\Windows\SYSTEM32\dbghelp.dll

VM Arguments:
jvm_args: -Xbootclasspath/a:/c/Users/LAD/.lein/self-installs/leiningen-2.5.2-standalone.jar -Dfile.encoding=UTF-8 -Dmaven.wagon.http.ssl.easy=false -Dmaven.wagon.rto=10000 -XX:+TieredCompilation -XX:TieredStopAtLevel=1 -Dleiningen.original.pwd=c:/Users/LAD/scarletto/desktop -Dleiningen.script=c:/Users/LAD/lein.sh 
java_command: clojure.main -m leiningen.core.main run
java_class_path (initial): c:/Users/LAD/.lein/self-installs/leiningen-2.5.2-standalone.jar
Launcher Type: SUN_STANDARD

Environment Variables:
CLASSPATH=c:/Users/LAD/.lein/self-installs/leiningen-2.5.2-standalone.jar
PATH=c:\Users\LAD\bin;.;D:\Program Files (x86)\Git\local\bin;D:\Program Files (x86)\Git\mingw\bin;D:\Program Files (x86)\Git\bin;c:\Program Files\Haskell\bin;d:\Program Files\Haskell Platform\7.10.2-a\lib\extralibs\bin;d:\Program Files\Haskell Platform\7.10.2-a\bin;c:\ProgramData\Oracle\Java\javapath;c:\Program Files (x86)\NVIDIA Corporation\PhysX\Common;c:\Windows\system32;c:\Windows;c:\Windows\System32\Wbem;c:\Windows\System32\WindowsPowerShell\v1.0\;d:\Program Files\Haskell Platform\7.10.2-a\mingw\bin;c:\Leksah\bin\;c:\Program Files (x86)\scala\bin;c:\Windows\system32\config\systemprofile\.dnx\bin;c:\Program Files\Microsoft DNX\Dnvm\;d:\Program Files (x86)\Elm Platform\0.15.1\bin;c:\Users\LAD\AppData\Roaming\cabal\bin;c:\Users\LAD\AppData\Local\atom\bin;c:\Users\LAD\.lein\bin
USERNAME=LAD
OS=Windows_NT
PROCESSOR_IDENTIFIER=Intel64 Family 6 Model 60 Stepping 3, GenuineIntel



---------------  S Y S T E M  ---------------

OS: Windows 8 , 64 bit Build 9200 (6.2.9200.16859)

CPU:total 4 (4 cores per cpu, 1 threads per core) family 6 model 60 stepping 3, cmov, cx8, fxsr, mmx, sse, sse2, sse3, ssse3, sse4.1, sse4.2, popcnt, avx, avx2, aes, clmul, erms, rtm, lzcnt, tsc, tscinvbit, bmi1, bmi2

Memory: 4k page, physical 8276236k(5908324k free), swap 16664844k(13798188k free)

vm_info: Java HotSpot(TM) 64-Bit Server VM (25.51-b03) for windows-amd64 JRE (1.8.0_51-b16), built on Jun  8 2015 18:03:07 by "java_re" with MS VC++ 10.0 (VS2010)

time: Tue Aug 11 14:18:39 2015
elapsed time: 0 seconds (0d 0h 0m 0s)

