#
# A fatal error has been detected by the Java Runtime Environment:
#
#  EXCEPTION_ACCESS_VIOLATION (0xc0000005) at pc=0x0000000061e7d9b2, pid=2320, tid=860
#
# JRE version: Java(TM) SE Runtime Environment (8.0_51-b16) (build 1.8.0_51-b16)
# Java VM: Java HotSpot(TM) 64-Bit Server VM (25.51-b03 mixed mode windows-amd64 compressed oops)
# Problematic frame:
# V  [jvm.dll+0x17d9b2]
#
# Failed to write core dump. Minidumps are not enabled by default on client versions of Windows
#
# If you would like to submit a bug report, please visit:
#   http://bugreport.java.com/bugreport/crash.jsp
#

---------------  T H R E A D  ---------------

Current thread (0x0000000002842800):  JavaThread "main" [_thread_in_vm, id=860, stack(0x0000000002740000,0x0000000002840000)]

siginfo: ExceptionCode=0xc0000005, reading address 0xffffffffffffffff

Registers:
RAX=0x16ae005800000000, RBX=0x0000000002842800, RCX=0x00000000d818de80, RDX=0x0000000000000000
RSP=0x0000000002833890, RBP=0x00000000028339c0, RSI=0x00000000028429f8, RDI=0x00000000197b4748
R8 =0x0000000000000000, R9 =0x0000000000000000, R10=0x0000000000000009, R11=0x0000000000000031
R12=0x00000000197b4748, R13=0x00000000194998f8, R14=0x00000000197b4748, R15=0x0000000000000000
RIP=0x0000000061e7d9b2, EFLAGS=0x0000000000010202

Top of Stack: (sp=0x0000000002833890)
0x0000000002833890:   0000000002842800 0000000061d7d44d
0x00000000028338a0:   0000000000000000 00000000028339c0
0x00000000028338b0:   0000000002833920 0000000061cf60b3
0x00000000028338c0:   0000000019491920 0000000000000430
0x00000000028338d0:   0000000002842800 0000000061df5f81
0x00000000028338e0:   00000000024393c0 0000000002842800
0x00000000028338f0:   0000000000000000 0000000002833920
0x0000000002833900:   00000000197b4748 0000000000000010
0x0000000002833910:   00000000028429f8 000000007c015a33
0x0000000002833920:   00000000028429f8 0000000019491920
0x0000000002833930:   0000000000000430 0000000000000000
0x0000000002833940:   0000000000000000 0000000000000000
0x0000000002833950:   0000000000000000 0000000000000000
0x0000000002833960:   0000000000000000 0000000000000000
0x0000000002833970:   0000000000000000 0000000000000000
0x0000000002833980:   0000000000000000 0000000000000000 

Instructions: (pc=0x0000000061e7d9b2)
0x0000000061e7d992:   a9 e8 ff 8b 05 35 d3 67 00 85 c0 74 08 48 8b cb
0x0000000061e7d9a2:   e8 29 82 0a 00 33 c0 eb 52 48 8b 80 d8 00 00 00
0x0000000061e7d9b2:   8b 78 3c c7 83 70 02 00 00 07 00 00 00 83 3d b2
0x0000000061e7d9c2:   d0 67 00 01 75 09 80 3d 14 c3 67 00 00 74 18 80 


Register to memory mapping:

RAX=0x16ae005800000000 is an unknown value
RBX=0x0000000002842800 is a thread
RCX=0x00000000d818de80 is an oop
java.lang.Class 
 - klass: 'java/lang/Class'
RDX=0x0000000000000000 is an unknown value
RSP=0x0000000002833890 is pointing into the stack for thread: 0x0000000002842800
RBP=0x00000000028339c0 is pointing into the stack for thread: 0x0000000002842800
RSI=0x00000000028429f8 is an unknown value
RDI=0x00000000197b4748 is an unknown value
R8 =0x0000000000000000 is an unknown value
R9 =0x0000000000000000 is an unknown value
R10=0x0000000000000009 is an unknown value
R11=0x0000000000000031 is an unknown value
R12=0x00000000197b4748 is an unknown value
R13=0x00000000194998f8 is an unknown value
R14=0x00000000197b4748 is an unknown value
R15=0x0000000000000000 is an unknown value


Stack: [0x0000000002740000,0x0000000002840000],  sp=0x0000000002833890,  free space=974k
Native frames: (J=compiled Java code, j=interpreted, Vv=VM code, C=native code)
V  [jvm.dll+0x17d9b2]
C  [verify.dll+0x60b3]
C  [java.dll+0x10236]
V  [jvm.dll+0x8009d]
V  [jvm.dll+0x89ec9]
V  [jvm.dll+0x10ec76]
V  [jvm.dll+0x113007]
V  [jvm.dll+0x1134d5]
V  [jvm.dll+0xb9e8d]
C  0x0000000002963107

Java frames: (J=compiled Java code, j=interpreted, Vv=VM code)
j  pedantic.core$set_overrides_BANG_.invoke(Ljava/lang/Object;Ljava/lang/Object;Ljava/lang/Object;Ljava/lang/Object;)Ljava/lang/Object;+597
j  pedantic.core$transform_graph.invoke(Ljava/lang/Object;Ljava/lang/Object;Ljava/lang/Object;Ljava/lang/Object;Ljava/lang/Object;)Ljava/lang/Object;+215
j  pedantic.core$use_transformer$reify__500.transformGraph(Lorg/sonatype/aether/graph/DependencyNode;Lorg/sonatype/aether/collection/DependencyGraphTransformationContext;)Lorg/sonatype/aether/graph/DependencyNode;+25
j  org.sonatype.aether.impl.internal.DefaultDependencyCollector.collectDependencies(Lorg/sonatype/aether/RepositorySystemSession;Lorg/sonatype/aether/collection/CollectRequest;)Lorg/sonatype/aether/collection/CollectResult;+685
j  org.sonatype.aether.impl.internal.DefaultRepositorySystem.resolveDependencies(Lorg/sonatype/aether/RepositorySystemSession;Lorg/sonatype/aether/resolution/DependencyRequest;)Lorg/sonatype/aether/resolution/DependencyResult;+75
v  ~StubRoutines::call_stub
j  sun.reflect.NativeMethodAccessorImpl.invoke0(Ljava/lang/reflect/Method;Ljava/lang/Object;[Ljava/lang/Object;)Ljava/lang/Object;+0
j  sun.reflect.NativeMethodAccessorImpl.invoke(Ljava/lang/Object;[Ljava/lang/Object;)Ljava/lang/Object;+100
j  sun.reflect.DelegatingMethodAccessorImpl.invoke(Ljava/lang/Object;[Ljava/lang/Object;)Ljava/lang/Object;+6
j  java.lang.reflect.Method.invoke(Ljava/lang/Object;[Ljava/lang/Object;)Ljava/lang/Object;+56
j  clojure.lang.Reflector.invokeMatchingMethod(Ljava/lang/String;Ljava/util/List;Ljava/lang/Object;[Ljava/lang/Object;)Ljava/lang/Object;+244
j  clojure.lang.Reflector.invokeInstanceMethod(Ljava/lang/Object;Ljava/lang/String;[Ljava/lang/Object;)Ljava/lang/Object;+20
j  cemerick.pomegranate.aether$resolve_dependencies_STAR_.doInvoke(Ljava/lang/Object;)Ljava/lang/Object;+594
J 1234 C1 clojure.lang.RestFn.applyTo(Lclojure/lang/ISeq;)Ljava/lang/Object; (3076 bytes) @ 0x0000000002c32854 [0x0000000002c2ef80+0x38d4]
J 1332 C1 clojure.core$apply.invoke(Ljava/lang/Object;Ljava/lang/Object;)Ljava/lang/Object; (32 bytes) @ 0x0000000002c62324 [0x0000000002c621e0+0x144]
j  cemerick.pomegranate.aether$resolve_dependencies.doInvoke(Ljava/lang/Object;)Ljava/lang/Object;+27
j  clojure.lang.RestFn.invoke(Ljava/lang/Object;Ljava/lang/Object;Ljava/lang/Object;Ljava/lang/Object;Ljava/lang/Object;Ljava/lang/Object;Ljava/lang/Object;Ljava/lang/Object;Ljava/lang/Object;Ljava/lang/Object;Ljava/lang/Object;Ljava/lang/Object;Ljava/lang/Object;Ljava/lang/Object;Ljava/lang/Object;Ljava/lang/Object;)Ljava/lang/Object;+293
j  leiningen.core.classpath$fn__7105.invoke(Ljava/lang/Object;Ljava/lang/Object;Ljava/lang/Object;)Ljava/lang/Object;+558
J 418 C1 clojure.lang.AFn.applyToHelper(Lclojure/lang/IFn;Lclojure/lang/ISeq;)Ljava/lang/Object; (3238 bytes) @ 0x0000000002aec0fc [0x0000000002ae7e60+0x429c]
J 388 C1 clojure.lang.AFn.applyTo(Lclojure/lang/ISeq;)Ljava/lang/Object; (12 bytes) @ 0x0000000002ad8d54 [0x0000000002ad8d20+0x34]
J 1332 C1 clojure.core$apply.invoke(Ljava/lang/Object;Ljava/lang/Object;)Ljava/lang/Object; (32 bytes) @ 0x0000000002c62324 [0x0000000002c621e0+0x144]
j  clojure.core$memoize$fn__5479.doInvoke(Ljava/lang/Object;)Ljava/lang/Object;+84
J 1367 C1 clojure.lang.RestFn.invoke(Ljava/lang/Object;Ljava/lang/Object;Ljava/lang/Object;)Ljava/lang/Object; (186 bytes) @ 0x0000000002c74814 [0x0000000002c74160+0x6b4]
j  leiningen.core.classpath$get_dependencies.doInvoke(Ljava/lang/Object;Ljava/lang/Object;Ljava/lang/Object;)Ljava/lang/Object;+194
J 1370 C1 clojure.lang.RestFn.invoke(Ljava/lang/Object;Ljava/lang/Object;)Ljava/lang/Object; (119 bytes) @ 0x0000000002c7656c [0x0000000002c764c0+0xac]
J 418 C1 clojure.lang.AFn.applyToHelper(Lclojure/lang/IFn;Lclojure/lang/ISeq;)Ljava/lang/Object; (3238 bytes) @ 0x0000000002aec184 [0x0000000002ae7e60+0x4324]
J 1234 C1 clojure.lang.RestFn.applyTo(Lclojure/lang/ISeq;)Ljava/lang/Object; (3076 bytes) @ 0x0000000002c3287c [0x0000000002c2ef80+0x38fc]
j  clojure.core$apply.invoke(Ljava/lang/Object;Ljava/lang/Object;Ljava/lang/Object;Ljava/lang/Object;)Ljava/lang/Object;+34
j  leiningen.core.classpath$resolve_dependencies.doInvoke(Ljava/lang/Object;Ljava/lang/Object;Ljava/lang/Object;)Ljava/lang/Object;+115
J 1370 C1 clojure.lang.RestFn.invoke(Ljava/lang/Object;Ljava/lang/Object;)Ljava/lang/Object; (119 bytes) @ 0x0000000002c7656c [0x0000000002c764c0+0xac]
j  leiningen.core.eval$prep.invoke(Ljava/lang/Object;)Ljava/lang/Object;+133
j  leiningen.core.eval$eval_in_project.invoke(Ljava/lang/Object;Ljava/lang/Object;Ljava/lang/Object;)Ljava/lang/Object;+10
j  leiningen.core.eval$eval_in_project.invoke(Ljava/lang/Object;Ljava/lang/Object;)Ljava/lang/Object;+16
j  leiningen.run$run_main.invoke(Ljava/lang/Object;Ljava/lang/Object;Ljava/lang/Object;Ljava/lang/Object;)Ljava/lang/Object;+65
j  leiningen.run$run.doInvoke(Ljava/lang/Object;Ljava/lang/Object;)Ljava/lang/Object;+382
J 1230 C1 clojure.lang.RestFn.invoke(Ljava/lang/Object;)Ljava/lang/Object; (73 bytes) @ 0x0000000002c29a14 [0x0000000002c29980+0x94]
j  clojure.lang.Var.invoke(Ljava/lang/Object;)Ljava/lang/Object;+11
J 418 C1 clojure.lang.AFn.applyToHelper(Lclojure/lang/IFn;Lclojure/lang/ISeq;)Ljava/lang/Object; (3238 bytes) @ 0x0000000002aec1d4 [0x0000000002ae7e60+0x4374]
j  clojure.lang.Var.applyTo(Lclojure/lang/ISeq;)Ljava/lang/Object;+2
j  clojure.core$apply.invoke(Ljava/lang/Object;Ljava/lang/Object;Ljava/lang/Object;)Ljava/lang/Object;+29
j  leiningen.core.main$partial_task$fn__6414.doInvoke(Ljava/lang/Object;Ljava/lang/Object;)Ljava/lang/Object;+52
J 1230 C1 clojure.lang.RestFn.invoke(Ljava/lang/Object;)Ljava/lang/Object; (73 bytes) @ 0x0000000002c29a14 [0x0000000002c29980+0x94]
J 418 C1 clojure.lang.AFn.applyToHelper(Lclojure/lang/IFn;Lclojure/lang/ISeq;)Ljava/lang/Object; (3238 bytes) @ 0x0000000002aec1d4 [0x0000000002ae7e60+0x4374]
J 1234 C1 clojure.lang.RestFn.applyTo(Lclojure/lang/ISeq;)Ljava/lang/Object; (3076 bytes) @ 0x0000000002c3287c [0x0000000002c2ef80+0x38fc]
j  clojure.lang.AFunction$1.doInvoke(Ljava/lang/Object;)Ljava/lang/Object;+8
J 1234 C1 clojure.lang.RestFn.applyTo(Lclojure/lang/ISeq;)Ljava/lang/Object; (3076 bytes) @ 0x0000000002c32854 [0x0000000002c2ef80+0x38d4]
j  clojure.core$apply.invoke(Ljava/lang/Object;Ljava/lang/Object;Ljava/lang/Object;)Ljava/lang/Object;+29
j  leiningen.core.main$apply_task.invoke(Ljava/lang/Object;Ljava/lang/Object;Ljava/lang/Object;)Ljava/lang/Object;+537
j  leiningen.core.main$resolve_and_apply.invoke(Ljava/lang/Object;Ljava/lang/Object;)Ljava/lang/Object;+65
j  leiningen.core.main$_main$fn__6480.invoke()Ljava/lang/Object;+224
j  leiningen.core.main$_main.doInvoke(Ljava/lang/Object;)Ljava/lang/Object;+13
J 1230 C1 clojure.lang.RestFn.invoke(Ljava/lang/Object;)Ljava/lang/Object; (73 bytes) @ 0x0000000002c29b9c [0x0000000002c29980+0x21c]
j  clojure.lang.Var.invoke(Ljava/lang/Object;)Ljava/lang/Object;+11
J 418 C1 clojure.lang.AFn.applyToHelper(Lclojure/lang/IFn;Lclojure/lang/ISeq;)Ljava/lang/Object; (3238 bytes) @ 0x0000000002aec1d4 [0x0000000002ae7e60+0x4374]
j  clojure.lang.Var.applyTo(Lclojure/lang/ISeq;)Ljava/lang/Object;+2
J 1332 C1 clojure.core$apply.invoke(Ljava/lang/Object;Ljava/lang/Object;)Ljava/lang/Object; (32 bytes) @ 0x0000000002c62324 [0x0000000002c621e0+0x144]
j  clojure.main$main_opt.invoke(Ljava/lang/Object;Ljava/lang/Object;)Ljava/lang/Object;+349
j  clojure.main$main.doInvoke(Ljava/lang/Object;)Ljava/lang/Object;+263
j  clojure.lang.RestFn.invoke(Ljava/lang/Object;Ljava/lang/Object;Ljava/lang/Object;)Ljava/lang/Object;+74
j  clojure.lang.Var.invoke(Ljava/lang/Object;Ljava/lang/Object;Ljava/lang/Object;)Ljava/lang/Object;+25
J 418 C1 clojure.lang.AFn.applyToHelper(Lclojure/lang/IFn;Lclojure/lang/ISeq;)Ljava/lang/Object; (3238 bytes) @ 0x0000000002aec0fc [0x0000000002ae7e60+0x429c]
j  clojure.lang.Var.applyTo(Lclojure/lang/ISeq;)Ljava/lang/Object;+2
j  clojure.main.main([Ljava/lang/String;)V+17
v  ~StubRoutines::call_stub

---------------  P R O C E S S  ---------------

Java Threads: ( => current thread )
  0x0000000018884000 JavaThread "Service Thread" daemon [_thread_blocked, id=4868, stack(0x00000000190f0000,0x00000000191f0000)]
  0x00000000187ff000 JavaThread "C1 CompilerThread2" daemon [_thread_blocked, id=7128, stack(0x0000000018ff0000,0x00000000190f0000)]
  0x00000000174dd000 JavaThread "C2 CompilerThread1" daemon [_thread_blocked, id=5468, stack(0x0000000018ef0000,0x0000000018ff0000)]
  0x00000000174da000 JavaThread "C2 CompilerThread0" daemon [_thread_blocked, id=7732, stack(0x0000000018df0000,0x0000000018ef0000)]
  0x000000001748e000 JavaThread "Attach Listener" daemon [_thread_blocked, id=7896, stack(0x0000000018cf0000,0x0000000018df0000)]
  0x00000000187f8800 JavaThread "Signal Dispatcher" daemon [_thread_blocked, id=4252, stack(0x0000000018bf0000,0x0000000018cf0000)]
  0x0000000002936800 JavaThread "Finalizer" daemon [_thread_blocked, id=2316, stack(0x00000000186f0000,0x00000000187f0000)]
  0x000000000292e800 JavaThread "Reference Handler" daemon [_thread_blocked, id=2948, stack(0x00000000185f0000,0x00000000186f0000)]
=>0x0000000002842800 JavaThread "main" [_thread_in_vm, id=860, stack(0x0000000002740000,0x0000000002840000)]

Other Threads:
  0x0000000017447000 VMThread [stack: 0x00000000184f0000,0x00000000185f0000] [id=6860]
  0x0000000018887800 WatcherThread [stack: 0x00000000191f0000,0x00000000192f0000] [id=6156]

VM state:not at safepoint (normal execution)

VM Mutex/Monitor currently owned by a thread: None

Heap:
 PSYoungGen      total 38400K, used 36757K [0x00000000d5e00000, 0x00000000da900000, 0x0000000100000000)
  eden space 33280K, 95% used [0x00000000d5e00000,0x00000000d7ce7490,0x00000000d7e80000)
  from space 5120K, 99% used [0x00000000d7e80000,0x00000000d837e030,0x00000000d8380000)
  to   space 5120K, 0% used [0x00000000da400000,0x00000000da400000,0x00000000da900000)
 ParOldGen       total 87552K, used 6606K [0x0000000081a00000, 0x0000000086f80000, 0x00000000d5e00000)
  object space 87552K, 7% used [0x0000000081a00000,0x0000000082073948,0x0000000086f80000)
 Metaspace       used 19782K, capacity 20680K, committed 20992K, reserved 1067008K
  class space    used 3730K, capacity 4030K, committed 4096K, reserved 1048576K

Card table byte_map: [0x0000000011d00000,0x0000000012100000] byte_map_base: 0x00000000118f3000

Marking Bits: (ParMarkBitMap*) 0x0000000062504040
 Begin Bits: [0x00000000127b0000, 0x0000000014748000)
 End Bits:   [0x0000000014748000, 0x00000000166e0000)

Polling page: 0x0000000002370000

CodeCache: size=245760Kb used=4872Kb max_used=4872Kb free=240887Kb
 bounds [0x0000000002940000, 0x0000000002e10000, 0x0000000011940000]
 total_blobs=2513 nmethods=2129 adapters=296
 compilation: enabled

Compilation events (10 events):
Event: 1.945 Thread 0x00000000187ff000 2125       1       clojure.lang.Reflector::prepRet (45 bytes)
Event: 1.945 Thread 0x00000000187ff000 nmethod 2125 0x0000000002dff1d0 code [0x0000000002dff340, 0x0000000002dff548]
Event: 1.945 Thread 0x00000000187ff000 2126       1       clojure.lang.Reflector::boxArgs (49 bytes)
Event: 1.946 Thread 0x00000000187ff000 nmethod 2126 0x0000000002dff650 code [0x0000000002dff7c0, 0x0000000002dffa88]
Event: 1.946 Thread 0x00000000187ff000 2127   !   1       clojure.lang.Reflector::invokeMatchingMethod (262 bytes)
Event: 1.947 Thread 0x00000000187ff000 nmethod 2127 0x0000000002dffc90 code [0x0000000002dfffc0, 0x0000000002e00bf8]
Event: 1.947 Thread 0x00000000187ff000 2128       1       clojure.core$apply::invoke (35 bytes)
Event: 1.947 Thread 0x00000000187ff000 nmethod 2128 0x0000000002e01890 code [0x0000000002e01a20, 0x0000000002e01c98]
Event: 1.947 Thread 0x00000000187ff000 2129       1       org.sonatype.aether.impl.internal.GraphEdge::getVersionConstraint (5 bytes)
Event: 1.947 Thread 0x00000000187ff000 nmethod 2129 0x0000000002e01dd0 code [0x0000000002e01f20, 0x0000000002e02030]

GC Heap History (6 events):
Event: 0.769 GC heap before
{Heap before GC invocations=1 (full 0):
 PSYoungGen      total 38400K, used 33280K [0x00000000d5e00000, 0x00000000d8880000, 0x0000000100000000)
  eden space 33280K, 100% used [0x00000000d5e00000,0x00000000d7e80000,0x00000000d7e80000)
  from space 5120K, 0% used [0x00000000d8380000,0x00000000d8380000,0x00000000d8880000)
  to   space 5120K, 0% used [0x00000000d7e80000,0x00000000d7e80000,0x00000000d8380000)
 ParOldGen       total 87552K, used 0K [0x0000000081a00000, 0x0000000086f80000, 0x00000000d5e00000)
  object space 87552K, 0% used [0x0000000081a00000,0x0000000081a00000,0x0000000086f80000)
 Metaspace       used 10146K, capacity 10856K, committed 11136K, reserved 1058816K
  class space    used 2022K, capacity 2064K, committed 2176K, reserved 1048576K
Event: 0.776 GC heap after
Heap after GC invocations=1 (full 0):
 PSYoungGen      total 38400K, used 5099K [0x00000000d5e00000, 0x00000000d8880000, 0x0000000100000000)
  eden space 33280K, 0% used [0x00000000d5e00000,0x00000000d5e00000,0x00000000d7e80000)
  from space 5120K, 99% used [0x00000000d7e80000,0x00000000d837aca8,0x00000000d8380000)
  to   space 5120K, 0% used [0x00000000d8380000,0x00000000d8380000,0x00000000d8880000)
 ParOldGen       total 87552K, used 2591K [0x0000000081a00000, 0x0000000086f80000, 0x00000000d5e00000)
  object space 87552K, 2% used [0x0000000081a00000,0x0000000081c87df0,0x0000000086f80000)
 Metaspace       used 10146K, capacity 10856K, committed 11136K, reserved 1058816K
  class space    used 2022K, capacity 2064K, committed 2176K, reserved 1048576K
}
Event: 1.380 GC heap before
{Heap before GC invocations=2 (full 0):
 PSYoungGen      total 38400K, used 38379K [0x00000000d5e00000, 0x00000000d8880000, 0x0000000100000000)
  eden space 33280K, 100% used [0x00000000d5e00000,0x00000000d7e80000,0x00000000d7e80000)
  from space 5120K, 99% used [0x00000000d7e80000,0x00000000d837aca8,0x00000000d8380000)
  to   space 5120K, 0% used [0x00000000d8380000,0x00000000d8380000,0x00000000d8880000)
 ParOldGen       total 87552K, used 2591K [0x0000000081a00000, 0x0000000086f80000, 0x00000000d5e00000)
  object space 87552K, 2% used [0x0000000081a00000,0x0000000081c87df0,0x0000000086f80000)
 Metaspace       used 15752K, capacity 16140K, committed 16384K, reserved 1062912K
  class space    used 2862K, capacity 3007K, committed 3072K, reserved 1048576K
Event: 1.389 GC heap after
Heap after GC invocations=2 (full 0):
 PSYoungGen      total 38400K, used 5090K [0x00000000d5e00000, 0x00000000da900000, 0x0000000100000000)
  eden space 33280K, 0% used [0x00000000d5e00000,0x00000000d5e00000,0x00000000d7e80000)
  from space 5120K, 99% used [0x00000000d8380000,0x00000000d8878b90,0x00000000d8880000)
  to   space 5120K, 0% used [0x00000000d7e80000,0x00000000d7e80000,0x00000000d8380000)
 ParOldGen       total 87552K, used 4983K [0x0000000081a00000, 0x0000000086f80000, 0x00000000d5e00000)
  object space 87552K, 5% used [0x0000000081a00000,0x0000000081edde68,0x0000000086f80000)
 Metaspace       used 15752K, capacity 16140K, committed 16384K, reserved 1062912K
  class space    used 2862K, capacity 3007K, committed 3072K, reserved 1048576K
}
Event: 1.642 GC heap before
{Heap before GC invocations=3 (full 0):
 PSYoungGen      total 38400K, used 38370K [0x00000000d5e00000, 0x00000000da900000, 0x0000000100000000)
  eden space 33280K, 100% used [0x00000000d5e00000,0x00000000d7e80000,0x00000000d7e80000)
  from space 5120K, 99% used [0x00000000d8380000,0x00000000d8878b90,0x00000000d8880000)
  to   space 5120K, 0% used [0x00000000d7e80000,0x00000000d7e80000,0x00000000d8380000)
 ParOldGen       total 87552K, used 4983K [0x0000000081a00000, 0x0000000086f80000, 0x00000000d5e00000)
  object space 87552K, 5% used [0x0000000081a00000,0x0000000081edde68,0x0000000086f80000)
 Metaspace       used 17390K, capacity 18178K, committed 18304K, reserved 1064960K
  class space    used 3355K, capacity 3633K, committed 3712K, reserved 1048576K
Event: 1.649 GC heap after
Heap after GC invocations=3 (full 0):
 PSYoungGen      total 38400K, used 5112K [0x00000000d5e00000, 0x00000000da900000, 0x0000000100000000)
  eden space 33280K, 0% used [0x00000000d5e00000,0x00000000d5e00000,0x00000000d7e80000)
  from space 5120K, 99% used [0x00000000d7e80000,0x00000000d837e030,0x00000000d8380000)
  to   space 5120K, 0% used [0x00000000da400000,0x00000000da400000,0x00000000da900000)
 ParOldGen       total 87552K, used 6606K [0x0000000081a00000, 0x0000000086f80000, 0x00000000d5e00000)
  object space 87552K, 7% used [0x0000000081a00000,0x0000000082073948,0x0000000086f80000)
 Metaspace       used 17390K, capacity 18178K, committed 18304K, reserved 1064960K
  class space    used 3355K, capacity 3633K, committed 3712K, reserved 1048576K
}

Deoptimization events (0 events):
No events

Internal exceptions (10 events):
Event: 0.173 Thread 0x0000000002842800 Exception <a 'java/security/PrivilegedActionException'> (0x00000000d6393730) thrown at [C:\re\workspace\8-2-build-windows-amd64-cygwin\jdk8u51\3951\hotspot\src\share\vm\prims\jvm.cpp, line 1382]
Event: 0.173 Thread 0x0000000002842800 Exception <a 'java/security/PrivilegedActionException'> (0x00000000d63938e8) thrown at [C:\re\workspace\8-2-build-windows-amd64-cygwin\jdk8u51\3951\hotspot\src\share\vm\prims\jvm.cpp, line 1382]
Event: 0.174 Thread 0x0000000002842800 Exception <a 'java/security/PrivilegedActionException'> (0x00000000d6397680) thrown at [C:\re\workspace\8-2-build-windows-amd64-cygwin\jdk8u51\3951\hotspot\src\share\vm\prims\jvm.cpp, line 1382]
Event: 0.174 Thread 0x0000000002842800 Exception <a 'java/security/PrivilegedActionException'> (0x00000000d6397838) thrown at [C:\re\workspace\8-2-build-windows-amd64-cygwin\jdk8u51\3951\hotspot\src\share\vm\prims\jvm.cpp, line 1382]
Event: 0.174 Thread 0x0000000002842800 Exception <a 'java/security/PrivilegedActionException'> (0x00000000d6398758) thrown at [C:\re\workspace\8-2-build-windows-amd64-cygwin\jdk8u51\3951\hotspot\src\share\vm\prims\jvm.cpp, line 1382]
Event: 0.174 Thread 0x0000000002842800 Exception <a 'java/security/PrivilegedActionException'> (0x00000000d6398910) thrown at [C:\re\workspace\8-2-build-windows-amd64-cygwin\jdk8u51\3951\hotspot\src\share\vm\prims\jvm.cpp, line 1382]
Event: 0.885 Thread 0x0000000002842800 Exception <a 'java/lang/NoClassDefFoundError': org/apache/log4j/Category> (0x00000000d6629a88) thrown at [C:\re\workspace\8-2-build-windows-amd64-cygwin\jdk8u51\3951\hotspot\src\share\vm\classfile\systemDictionary.cpp, line 199]
Event: 0.961 Thread 0x0000000002842800 Exception <a 'java/lang/NoSuchFieldError': method resolution failed> (0x00000000d6847098) thrown at [C:\re\workspace\8-2-build-windows-amd64-cygwin\jdk8u51\3951\hotspot\src\share\vm\prims\methodHandles.cpp, line 1125]
Event: 0.963 Thread 0x0000000002842800 Exception <a 'java/lang/NoSuchFieldError': method resolution failed> (0x00000000d6856608) thrown at [C:\re\workspace\8-2-build-windows-amd64-cygwin\jdk8u51\3951\hotspot\src\share\vm\prims\methodHandles.cpp, line 1125]
Event: 1.708 Thread 0x0000000002842800 Exception <a 'java/lang/ClassNotFoundException': sun/net/www/protocol/c/Handler> (0x00000000d63f02e8) thrown at [C:\re\workspace\8-2-build-windows-amd64-cygwin\jdk8u51\3951\hotspot\src\share\vm\classfile\systemDictionary.cpp, line 210]

Events (10 events):
Event: 1.941 loading class java/util/IdentityHashMap$EntrySet
Event: 1.941 loading class java/util/IdentityHashMap$EntrySet done
Event: 1.941 loading class java/util/IdentityHashMap$EntryIterator
Event: 1.941 loading class java/util/IdentityHashMap$EntryIterator done
Event: 1.941 loading class java/util/IdentityHashMap$EntryIterator$Entry
Event: 1.941 loading class java/util/IdentityHashMap$EntryIterator$Entry done
Event: 1.942 loading class org/sonatype/aether/util/graph/transformer/NearestVersionConflictResolver$ConflictGroup
Event: 1.942 loading class org/sonatype/aether/util/graph/transformer/NearestVersionConflictResolver$ConflictGroup done
Event: 1.942 loading class org/sonatype/aether/util/graph/transformer/NearestVersionConflictResolver$Position
Event: 1.942 loading class org/sonatype/aether/util/graph/transformer/NearestVersionConflictResolver$Position done


Dynamic libraries:
0x000007f79e0f0000 - 0x000007f79e127000 	c:\Program Files\Java\jdk1.8.0_51\bin\java.exe
0x000007fee6c00000 - 0x000007fee6dbd000 	C:\Windows\SYSTEM32\ntdll.dll
0x000007fee5e00000 - 0x000007fee5f37000 	C:\Windows\system32\KERNEL32.DLL
0x000007fee3b40000 - 0x000007fee3c34000 	C:\Windows\system32\KERNELBASE.dll
0x000007fee68b0000 - 0x000007fee698e000 	C:\Windows\system32\ADVAPI32.dll
0x000007fee5f40000 - 0x000007fee608c000 	C:\Windows\system32\USER32.dll
0x000007fee1820000 - 0x000007fee1a8a000 	C:\Windows\WinSxS\amd64_microsoft.windows.common-controls_6595b64144ccf1df_6.0.9200.17359_none_4188b989718cf1c6\COMCTL32.dll
0x000007fee5b50000 - 0x000007fee5bf5000 	C:\Windows\system32\msvcrt.dll
0x000007fee5db0000 - 0x000007fee5df8000 	C:\Windows\SYSTEM32\sechost.dll
0x000007fee64a0000 - 0x000007fee65e5000 	C:\Windows\system32\RPCRT4.dll
0x000007fee66c0000 - 0x000007fee6801000 	C:\Windows\system32\GDI32.dll
0x000007fee5af0000 - 0x000007fee5b29000 	C:\Windows\system32\IMM32.DLL
0x000007fee4260000 - 0x000007fee4375000 	C:\Windows\system32\MSCTF.dll
0x0000000062590000 - 0x0000000062662000 	c:\Program Files\Java\jdk1.8.0_51\jre\bin\msvcr100.dll
0x0000000061d00000 - 0x0000000062583000 	c:\Program Files\Java\jdk1.8.0_51\jre\bin\server\jvm.dll
0x000007fee07a0000 - 0x000007fee07a9000 	C:\Windows\SYSTEM32\WSOCK32.dll
0x000007fee1070000 - 0x000007fee1090000 	C:\Windows\SYSTEM32\WINMM.dll
0x000007fee0790000 - 0x000007fee0799000 	C:\Windows\SYSTEM32\VERSION.dll
0x000007fee5c00000 - 0x000007fee5c07000 	C:\Windows\system32\PSAPI.DLL
0x000007fee69a0000 - 0x000007fee69f8000 	C:\Windows\system32\WS2_32.dll
0x000007fee0340000 - 0x000007fee0373000 	C:\Windows\SYSTEM32\WINMMBASE.dll
0x000007fee6a70000 - 0x000007fee6a79000 	C:\Windows\system32\NSI.dll
0x000007fee3c40000 - 0x000007fee3c8f000 	C:\Windows\SYSTEM32\cfgmgr32.dll
0x000007fee3cb0000 - 0x000007fee3cd2000 	C:\Windows\system32\DEVOBJ.dll
0x0000000061cf0000 - 0x0000000061cff000 	c:\Program Files\Java\jdk1.8.0_51\jre\bin\verify.dll
0x0000000061cc0000 - 0x0000000061ce9000 	c:\Program Files\Java\jdk1.8.0_51\jre\bin\java.dll
0x0000000061ca0000 - 0x0000000061cb6000 	c:\Program Files\Java\jdk1.8.0_51\jre\bin\zip.dll
0x000007fee4700000 - 0x000007fee59e5000 	C:\Windows\system32\SHELL32.dll
0x000007fee4550000 - 0x000007fee4700000 	C:\Windows\SYSTEM32\combase.dll
0x000007fee5aa0000 - 0x000007fee5af0000 	C:\Windows\system32\SHLWAPI.dll
0x000007fee2bb0000 - 0x000007fee2c46000 	C:\Windows\SYSTEM32\SHCORE.dll
0x000007fee3b20000 - 0x000007fee3b35000 	C:\Windows\system32\profapi.dll
0x0000000061c70000 - 0x0000000061c94000 	C:\Program Files\Java\jdk1.8.0_51\jre\bin\sunec.dll
0x000007fee3320000 - 0x000007fee333a000 	C:\Windows\SYSTEM32\CRYPTSP.dll
0x000007fee2f80000 - 0x000007fee2fcb000 	C:\Windows\system32\rsaenh.dll
0x000007fee3c90000 - 0x000007fee3caf000 	C:\Windows\system32\USERENV.dll
0x000007fee38b0000 - 0x000007fee38ba000 	C:\Windows\SYSTEM32\CRYPTBASE.dll
0x000007fee3850000 - 0x000007fee38ac000 	C:\Windows\SYSTEM32\bcryptPrimitives.dll
0x0000000061c50000 - 0x0000000061c6a000 	C:\Program Files\Java\jdk1.8.0_51\jre\bin\net.dll
0x000007fee32c0000 - 0x000007fee331c000 	C:\Windows\system32\mswsock.dll
0x000007fee0ce0000 - 0x000007fee0d0a000 	C:\Windows\SYSTEM32\IPHLPAPI.DLL
0x000007fee0d10000 - 0x000007fee0d1a000 	C:\Windows\SYSTEM32\WINNSI.DLL
0x000007fee0460000 - 0x000007fee0473000 	C:\Windows\SYSTEM32\dhcpcsvc6.DLL
0x000007fee03c0000 - 0x000007fee03d8000 	C:\Windows\SYSTEM32\dhcpcsvc.DLL
0x0000000061c30000 - 0x0000000061c41000 	C:\Program Files\Java\jdk1.8.0_51\jre\bin\nio.dll
0x000007fed8c20000 - 0x000007fed8d83000 	C:\Windows\SYSTEM32\dbghelp.dll

VM Arguments:
jvm_args: -Xbootclasspath/a:/c/Users/LAD/.lein/self-installs/leiningen-2.5.2-standalone.jar -Dfile.encoding=UTF-8 -Dmaven.wagon.http.ssl.easy=false -Dmaven.wagon.rto=10000 -XX:+TieredCompilation -XX:TieredStopAtLevel=1 -Dleiningen.original.pwd=c:/Users/LAD/scarletto/desktop -Dleiningen.script=c:/Users/LAD/lein.sh 
java_command: clojure.main -m leiningen.core.main run
java_class_path (initial): c:/Users/LAD/.lein/self-installs/leiningen-2.5.2-standalone.jar
Launcher Type: SUN_STANDARD

Environment Variables:
CLASSPATH=c:/Users/LAD/.lein/self-installs/leiningen-2.5.2-standalone.jar
PATH=c:\Users\LAD\bin;.;D:\Program Files (x86)\Git\local\bin;D:\Program Files (x86)\Git\mingw\bin;D:\Program Files (x86)\Git\bin;c:\Program Files\Haskell\bin;d:\Program Files\Haskell Platform\7.10.2-a\lib\extralibs\bin;d:\Program Files\Haskell Platform\7.10.2-a\bin;c:\ProgramData\Oracle\Java\javapath;c:\Program Files (x86)\NVIDIA Corporation\PhysX\Common;c:\Windows\system32;c:\Windows;c:\Windows\System32\Wbem;c:\Windows\System32\WindowsPowerShell\v1.0\;d:\Program Files\Haskell Platform\7.10.2-a\mingw\bin;c:\Leksah\bin\;c:\Program Files (x86)\scala\bin;c:\Windows\system32\config\systemprofile\.dnx\bin;c:\Program Files\Microsoft DNX\Dnvm\;d:\Program Files (x86)\Elm Platform\0.15.1\bin;c:\Users\LAD\AppData\Roaming\cabal\bin;c:\Users\LAD\AppData\Local\atom\bin;c:\Users\LAD\.lein\bin
USERNAME=LAD
OS=Windows_NT
PROCESSOR_IDENTIFIER=Intel64 Family 6 Model 60 Stepping 3, GenuineIntel



---------------  S Y S T E M  ---------------

OS: Windows 8 , 64 bit Build 9200 (6.2.9200.16859)

CPU:total 4 (4 cores per cpu, 1 threads per core) family 6 model 60 stepping 3, cmov, cx8, fxsr, mmx, sse, sse2, sse3, ssse3, sse4.1, sse4.2, popcnt, avx, avx2, aes, clmul, erms, rtm, lzcnt, tsc, tscinvbit, bmi1, bmi2

Memory: 4k page, physical 8276236k(5878456k free), swap 16664844k(13753164k free)

vm_info: Java HotSpot(TM) 64-Bit Server VM (25.51-b03) for windows-amd64 JRE (1.8.0_51-b16), built on Jun  8 2015 18:03:07 by "java_re" with MS VC++ 10.0 (VS2010)

time: Tue Aug 11 14:18:50 2015
elapsed time: 1 seconds (0d 0h 0m 1s)

